INFO:sim:172 - Generating IP...
Applying current project options...
Finished applying current project options.
Resolving generics for 'rom_memory'...
WARNING:sim - A core named 'rom_memory' already exists in the project. Output
   products for this core may be overwritten.
Applying external generics to 'rom_memory'...
Delivering associated files for 'rom_memory'...
Delivering EJava files for 'rom_memory'...
Generating implementation netlist for 'rom_memory'...
INFO:sim - Pre-processing HDL files for 'rom_memory'...
Running synthesis for 'rom_memory'
Running ngcbuild...
Writing VHO instantiation template for 'rom_memory'...
Writing VHDL behavioral simulation model for 'rom_memory'...
WARNING:sim - Overwriting existing file
   C:/Users/Arthur/Documents/GitHub/fpga-bits/FM_transmiter/ipcore_dir/tmp/_cg/r
   om_memory/doc/blk_mem_gen_v7_3_vinfo.html with file from view
   xilinx_documentation
Delivered 1 file into directory
C:/Users/Arthur/Documents/GitHub/fpga-bits/FM_transmiter/ipcore_dir/tmp/_cg/rom_
memory
Generating ASY schematic symbol...
INFO:sim:949 - Finished generation of ASY schematic symbol.
Generating SYM schematic symbol for 'rom_memory'...
Generating metadata file...
Regenerating ISE project file for 'rom_memory'...
Generating ISE project...
XCO file found: rom_memory.xco
XMDF file found: rom_memory_xmdf.tcl
Adding
C:/Users/Arthur/Documents/GitHub/fpga-bits/FM_transmiter/ipcore_dir/tmp/_cg/rom_
memory.asy -view all -origin_type imported
Adding
C:/Users/Arthur/Documents/GitHub/fpga-bits/FM_transmiter/ipcore_dir/tmp/_cg/rom_
memory.ngc -view all -origin_type created
Checking file
"C:/Users/Arthur/Documents/GitHub/fpga-bits/FM_transmiter/ipcore_dir/tmp/_cg/rom
_memory.ngc" for project device match ...
File
"C:/Users/Arthur/Documents/GitHub/fpga-bits/FM_transmiter/ipcore_dir/tmp/_cg/rom
_memory.ngc" device information matches project device.
Adding
C:/Users/Arthur/Documents/GitHub/fpga-bits/FM_transmiter/ipcore_dir/tmp/_cg/rom_
memory.sym -view all -origin_type imported
Adding
C:/Users/Arthur/Documents/GitHub/fpga-bits/FM_transmiter/ipcore_dir/tmp/_cg/rom_
memory.vhd -view all -origin_type created
INFO:HDLCompiler:1061 - Parsing VHDL file
   "C:/Users/Arthur/Documents/GitHub/fpga-bits/FM_transmiter/ipcore_dir/tmp/_cg/
   rom_memory.vhd" into library work
INFO:ProjectMgmt - Parsing design hierarchy completed successfully.
Adding
C:/Users/Arthur/Documents/GitHub/fpga-bits/FM_transmiter/ipcore_dir/tmp/_cg/rom_
memory.vho -view all -origin_type imported
INFO:TclTasksC:2116 - The automatic calculation of top has been turned-off.
   Please set the new top explicitly by running the "project set top" command.
   To re-calculate the new top automatically, set the "Auto Implementation Top"
   property to true.
Top level has been set to "/rom_memory"
Generating README file...
Generating FLIST file...
INFO:sim:948 - Finished FLIST file generation.
Moving files to output directory...
Finished moving files to output directory
Wrote CGP file for project 'rom_memory'.
