INFO:sim:172 - Generating IP...
Applying current project options...
Finished applying current project options.
WARNING:sim - A core named 'my_dcm' already exists in the project. Output
   products for this core may be overwritten.
Resolving generics for 'my_dcm'...
WARNING:sim - A core named 'my_dcm' already exists in the project. Output
   products for this core may be overwritten.
Applying external generics to 'my_dcm'...
Delivering associated files for 'my_dcm'...
WARNING:sim - Component clk_wiz_v3_6 does not have a valid model name for VHDL
   synthesis
Delivering EJava files for 'my_dcm'...
Delivered 3 files into directory
C:/Users/Arthur/Documents/FPGA_temp/DCM_clock/ipcore_dir/tmp/_cg/my_dcm
Delivered 1 file into directory
C:/Users/Arthur/Documents/FPGA_temp/DCM_clock/ipcore_dir/tmp/_cg/my_dcm
Generating ASY schematic symbol...
Loading device for application Rf_Device from file '6slx9.nph' in environment
C:\Xilinx\14.7\ISE_DS\ISE\.
INFO:sim:949 - Finished generation of ASY schematic symbol.
Generating SYM schematic symbol for 'my_dcm'...
Generating ISE project...
XCO file found: my_dcm.xco
XMDF file found: my_dcm_xmdf.tcl
Adding
C:/Users/Arthur/Documents/FPGA_temp/DCM_clock/ipcore_dir/tmp/_cg/my_dcm.asy
-view all -origin_type imported
Adding
C:/Users/Arthur/Documents/FPGA_temp/DCM_clock/ipcore_dir/tmp/_cg/my_dcm.ucf
-view all -origin_type created
Adding
C:/Users/Arthur/Documents/FPGA_temp/DCM_clock/ipcore_dir/tmp/_cg/my_dcm.vhd
-view all -origin_type created
INFO:HDLCompiler:1061 - Parsing VHDL file
   "C:/Users/Arthur/Documents/FPGA_temp/DCM_clock/ipcore_dir/tmp/_cg/my_dcm.vhd"
   into library work
INFO:ProjectMgmt - Parsing design hierarchy completed successfully.
Adding
C:/Users/Arthur/Documents/FPGA_temp/DCM_clock/ipcore_dir/tmp/_cg/my_dcm.vho
-view all -origin_type imported
INFO:TclTasksC:2116 - The automatic calculation of top has been turned-off.
   Please set the new top explicitly by running the "project set top" command.
   To re-calculate the new top automatically, set the "Auto Implementation Top"
   property to true.
Top level has been set to "/my_dcm"
Generating README file...
Generating FLIST file...
INFO:sim:948 - Finished FLIST file generation.
Launching README viewer...
Moving files to output directory...
Finished moving files to output directory
Wrote CGP file for project 'my_dcm'.
